11 3月 2026 10:48:23,312 INFO com.sismics.util.jpa.EMF.getEntityManagerProperties(EMF.java:67) Configuring EntityManager from hibernate.properties 
11 3月 2026 10:48:23,725 INFO com.sismics.util.jpa.DbOpenHelper.open(DbOpenHelper.java:57) Opening database and executing incremental updates 
11 3月 2026 10:48:23,725 INFO com.sismics.util.jpa.DbOpenHelper.open(DbOpenHelper.java:83) Unable to get database version: Table T_CONFIG not found 
11 3月 2026 10:48:23,726 INFO com.sismics.util.jpa.DbOpenHelper.open(DbOpenHelper.java:98) Executing initial schema creation script 
11 3月 2026 10:48:23,728 INFO com.sismics.util.jpa.DbOpenHelper.executeAllScript(DbOpenHelper.java:142) Executing script: dbupdate-000-0.sql 
11 3月 2026 10:48:23,765 INFO com.sismics.util.jpa.DbOpenHelper.executeAllScript(DbOpenHelper.java:142) Executing script: dbupdate-000-1.sql 
11 3月 2026 10:48:23,771 INFO com.sismics.util.jpa.DbOpenHelper.open(DbOpenHelper.java:106) Found database version 0, new version is 31, executing database incremental update scripts 
11 3月 2026 10:48:23,771 INFO com.sismics.util.jpa.DbOpenHelper.executeAllScript(DbOpenHelper.java:142) Executing script: dbupdate-001-0.sql 
11 3月 2026 10:48:23,786 INFO com.sismics.util.jpa.DbOpenHelper.executeAllScript(DbOpenHelper.java:142) Executing script: dbupdate-002-0.sql 
11 3月 2026 10:48:23,789 INFO com.sismics.util.jpa.DbOpenHelper.executeAllScript(DbOpenHelper.java:142) Executing script: dbupdate-003-0.sql 
11 3月 2026 10:48:23,792 INFO com.sismics.util.jpa.DbOpenHelper.executeAllScript(DbOpenHelper.java:142) Executing script: dbupdate-004-0.sql 
11 3月 2026 10:48:23,800 INFO com.sismics.util.jpa.DbOpenHelper.executeAllScript(DbOpenHelper.java:142) Executing script: dbupdate-005-0.sql 
11 3月 2026 10:48:23,800 INFO com.sismics.util.jpa.DbOpenHelper.executeAllScript(DbOpenHelper.java:142) Executing script: dbupdate-006-0.sql 
11 3月 2026 10:48:23,867 INFO com.sismics.util.jpa.DbOpenHelper.executeAllScript(DbOpenHelper.java:142) Executing script: dbupdate-007-0.sql 
11 3月 2026 10:48:23,873 INFO com.sismics.util.jpa.DbOpenHelper.executeAllScript(DbOpenHelper.java:142) Executing script: dbupdate-008-0.sql 
11 3月 2026 10:48:23,876 INFO com.sismics.util.jpa.DbOpenHelper.executeAllScript(DbOpenHelper.java:142) Executing script: dbupdate-009-0.sql 
11 3月 2026 10:48:23,880 INFO com.sismics.util.jpa.DbOpenHelper.executeAllScript(DbOpenHelper.java:142) Executing script: dbupdate-010-0.sql 
11 3月 2026 10:48:23,881 INFO com.sismics.util.jpa.DbOpenHelper.executeAllScript(DbOpenHelper.java:142) Executing script: dbupdate-011-0.sql 
11 3月 2026 10:48:23,884 INFO com.sismics.util.jpa.DbOpenHelper.executeAllScript(DbOpenHelper.java:142) Executing script: dbupdate-012-0.sql 
11 3月 2026 10:48:23,887 INFO com.sismics.util.jpa.DbOpenHelper.executeAllScript(DbOpenHelper.java:142) Executing script: dbupdate-013-0.sql 
11 3月 2026 10:48:23,888 INFO com.sismics.util.jpa.DbOpenHelper.executeAllScript(DbOpenHelper.java:142) Executing script: dbupdate-014-0.sql 
11 3月 2026 10:48:23,891 INFO com.sismics.util.jpa.DbOpenHelper.executeAllScript(DbOpenHelper.java:142) Executing script: dbupdate-015-0.sql 
11 3月 2026 10:48:23,897 INFO com.sismics.util.jpa.DbOpenHelper.executeAllScript(DbOpenHelper.java:142) Executing script: dbupdate-016-0.sql 
11 3月 2026 10:48:23,898 INFO com.sismics.util.jpa.DbOpenHelper.executeAllScript(DbOpenHelper.java:142) Executing script: dbupdate-017-0.sql 
11 3月 2026 10:48:23,899 INFO com.sismics.util.jpa.DbOpenHelper.executeAllScript(DbOpenHelper.java:142) Executing script: dbupdate-018-0.sql 
11 3月 2026 10:48:23,908 INFO com.sismics.util.jpa.DbOpenHelper.executeAllScript(DbOpenHelper.java:142) Executing script: dbupdate-019-0.sql 
11 3月 2026 10:48:23,909 INFO com.sismics.util.jpa.DbOpenHelper.executeAllScript(DbOpenHelper.java:142) Executing script: dbupdate-020-0.sql 
11 3月 2026 10:48:23,910 INFO com.sismics.util.jpa.DbOpenHelper.executeAllScript(DbOpenHelper.java:142) Executing script: dbupdate-021-0.sql 
11 3月 2026 10:48:23,914 INFO com.sismics.util.jpa.DbOpenHelper.executeAllScript(DbOpenHelper.java:142) Executing script: dbupdate-022-0.sql 
11 3月 2026 10:48:23,918 INFO com.sismics.util.jpa.DbOpenHelper.executeAllScript(DbOpenHelper.java:142) Executing script: dbupdate-023-0.sql 
11 3月 2026 10:48:23,921 INFO com.sismics.util.jpa.DbOpenHelper.executeAllScript(DbOpenHelper.java:142) Executing script: dbupdate-024-0.sql 
11 3月 2026 10:48:23,923 INFO com.sismics.util.jpa.DbOpenHelper.executeAllScript(DbOpenHelper.java:142) Executing script: dbupdate-025-0.sql 
11 3月 2026 10:48:23,924 INFO com.sismics.util.jpa.DbOpenHelper.executeAllScript(DbOpenHelper.java:142) Executing script: dbupdate-026-0.sql 
11 3月 2026 10:48:23,924 INFO com.sismics.util.jpa.DbOpenHelper.executeAllScript(DbOpenHelper.java:142) Executing script: dbupdate-027-0.sql 
11 3月 2026 10:48:23,925 INFO com.sismics.util.jpa.DbOpenHelper.executeAllScript(DbOpenHelper.java:142) Executing script: dbupdate-028-0.sql 
11 3月 2026 10:48:23,926 INFO com.sismics.util.jpa.DbOpenHelper.executeAllScript(DbOpenHelper.java:142) Executing script: dbupdate-029-0.sql 
11 3月 2026 10:48:23,928 INFO com.sismics.util.jpa.DbOpenHelper.executeAllScript(DbOpenHelper.java:142) Executing script: dbupdate-030-0.sql 
11 3月 2026 10:48:23,928 INFO com.sismics.util.jpa.DbOpenHelper.executeAllScript(DbOpenHelper.java:142) Executing script: dbupdate-031-0.sql 
11 3月 2026 10:48:23,929 INFO com.sismics.util.jpa.DbOpenHelper.open(DbOpenHelper.java:108) Database upgrade complete 
11 3月 2026 10:48:23,929 INFO com.sismics.util.jpa.EMF.getEntityManagerProperties(EMF.java:67) Configuring EntityManager from hibernate.properties 
11 3月 2026 10:48:25,287 INFO com.sismics.util.ClasspathScanner.findClasses(ClasspathScanner.java:48) Found 1 classes for IndexingHandler 
11 3月 2026 10:48:25,319 INFO com.sismics.docs.core.util.indexing.LuceneIndexingHandler.initLucene(LuceneIndexingHandler.java:129) Using RAM Lucene storage 
11 3月 2026 10:48:25,387 INFO com.sismics.docs.core.service.FileService.startUp(FileService.java:39) File service starting up 
11 3月 2026 10:48:25,390 INFO com.sismics.docs.core.service.InboxService.startUp(InboxService.java:52) Inbox service starting up 
11 3月 2026 10:48:25,391 INFO com.sismics.docs.core.service.FileSizeService.startUp(FileSizeService.java:30) File size service starting up 
11 3月 2026 10:48:25,589 INFO com.sismics.docs.core.service.FileSizeService.lambda$runOneIteration$0(FileSizeService.java:50) No more file to process, stopping the service 
11 3月 2026 10:48:25,590 INFO com.sismics.docs.core.service.FileSizeService.shutDown(FileSizeService.java:35) File size service shutting down 
11 3月 2026 10:51:55,493 INFO com.sismics.util.ClasspathScanner.findClasses(ClasspathScanner.java:48) Found 2 classes for AuthenticationHandler 
11 3月 2026 10:58:24,248 INFO com.sismics.docs.core.service.InboxService.shutDown(InboxService.java:57) Inbox service shutting down 
11 3月 2026 10:58:24,252 INFO com.sismics.docs.core.service.FileService.shutDown(FileService.java:44) File service shutting down 
